<?xml version="1.0" encoding="UTF-8"?>
<testsuite name="com.topdon.gsr.util.TimeUtilTest" tests="5" skipped="0" failures="0" errors="0" timestamp="2025-09-01T16:16:55" hostname="pkrvmccyg1gnepe" time="0.007">
  <properties/>
  <testcase name="testFormatTimestamp" classname="com.topdon.gsr.util.TimeUtilTest" time="0.005"/>
  <testcase name="testPcTimeOffset" classname="com.topdon.gsr.util.TimeUtilTest" time="0.001"/>
  <testcase name="testTimeConversion" classname="com.topdon.gsr.util.TimeUtilTest" time="0.0"/>
  <testcase name="testUtcTimestamp" classname="com.topdon.gsr.util.TimeUtilTest" time="0.0"/>
  <testcase name="testGenerateSessionId" classname="com.topdon.gsr.util.TimeUtilTest" time="0.001"/>
  <system-out><![CDATA[]]></system-out>
  <system-err><![CDATA[]]></system-err>
</testsuite>
