<?xml version="1.0" encoding="UTF-8"?>
<testsuite name="com.topdon.gsr.model.GSRModelsTest" tests="5" skipped="0" failures="0" errors="0" timestamp="2025-09-01T16:16:55" hostname="pkrvmccyg1gnepe" time="0.017">
  <properties/>
  <testcase name="testSyncMark" classname="com.topdon.gsr.model.GSRModelsTest" time="0.013"/>
  <testcase name="testSessionInfo" classname="com.topdon.gsr.model.GSRModelsTest" time="0.0"/>
  <testcase name="testGSRSampleCreation" classname="com.topdon.gsr.model.GSRModelsTest" time="0.001"/>
  <testcase name="testGSRSampleToCsvRow" classname="com.topdon.gsr.model.GSRModelsTest" time="0.001"/>
  <testcase name="testSyncMarkEmptyMetadata" classname="com.topdon.gsr.model.GSRModelsTest" time="0.001"/>
  <system-out><![CDATA[]]></system-out>
  <system-err><![CDATA[]]></system-err>
</testsuite>
